<?xml version="1.0" encoding="UTF-8"?>
<testsuites name="Payment_options" time="291.916" tests="1" failures="0" errors="0">
   <testsuite name="Payment_options" tests="1" failures="0" errors="0" time="291.916" skipped="0" timestamp="25-01-2024T21:57:12" hostname="Win11 - Arnab-er" id="Test Suites/Payment_options">
      <properties>
         <property name="deviceName" value=""/>
         <property name="devicePlatform" value=""/>
         <property name="logFolder" value="C:\\Users\\Win11\\git\\katalon_amazon_testing\\Reports\\20240125_215709\\Payment_options\\20240125_215709"/>
         <property name="logFiles" value="C:\\Users\\Win11\\git\\katalon_amazon_testing\\Reports\\20240125_215709\\Payment_options\\20240125_215709\\execution0.log"/>
         <property name="attachments" value=""/>
         <property name="hostName" value="Win11 - Arnab-er"/>
         <property name="os" value="Windows 11 64bit"/>
         <property name="katalonVersion" value="9.1.0.212"/>
         <property name="browser" value="Chrome 120.0.0.0"/>
         <property name="hostAddress" value="192.168.12.7"/>
         <property name="sessionId" value="99f9b8e49d3b9468c8c46a785116741e"/>
         <property name="seleniumVersion" value="3.141.59"/>
         <property name="proxyInformation" value="ProxyInformation { proxyOption=NO_PROXY, proxyServerType=HTTP, username=, password=********, proxyServerAddress=, proxyServerPort=0, executionList=&quot;&quot;, isApplyToDesiredCapabilities=true }"/>
         <property name="platform" value="Windows 11"/>
      </properties>
      <testcase name="Test Cases/TC_Amazon_Home_008" time="291.736" classname="Test Cases/TC_Amazon_Home_008" status="PASSED">
         <system-out><![CDATA[25-01-2024T21:57:12 - [TEST_CASE][PASSED] - Test Cases/TC_Amazon_Home_008: Test Cases/TC_Amazon_Home_008

25-01-2024T21:57:12 - [TEST_STEP][PASSED] - openBrowser(""): Browser is opened with url: ''

25-01-2024T21:57:12 - [MESSAGE][INFO] - Starting 'Chrome' driver

25-01-2024T21:57:12 - [MESSAGE][INFO] - Action delay is set to 0 milliseconds

25-01-2024T21:57:14 - [MESSAGE][PASSED] - Browser is opened with url: ''

25-01-2024T21:57:14 - [TEST_STEP][PASSED] - navigateToUrl("https://www.amazon.in/"): Navigate to 'https://www.amazon.in/' successfully

25-01-2024T21:57:17 - [MESSAGE][PASSED] - Navigate to 'https://www.amazon.in/' successfully

25-01-2024T21:57:17 - [TEST_STEP][PASSED] - click(findTestObject("Object Repository/Payment_option/Page_Online Shopping site in India Shop Onl_10c5f3/span_Sign in")): Object: 'Object Repository/Payment_option/Page_Online Shopping site in India Shop Onl_10c5f3/span_Sign in' is clicked on

25-01-2024T21:57:23 - [MESSAGE][PASSED] - Object: 'Object Repository/Payment_option/Page_Online Shopping site in India Shop Onl_10c5f3/span_Sign in' is clicked on

25-01-2024T21:57:23 - [TEST_STEP][PASSED] - setText(findTestObject("Object Repository/Payment_option/Page_Amazon Sign In/input_email"), "9798810632"): Text '9798810632' is set on object 'Object Repository/Payment_option/Page_Amazon Sign In/input_email'

25-01-2024T21:57:27 - [MESSAGE][PASSED] - Text '9798810632' is set on object 'Object Repository/Payment_option/Page_Amazon Sign In/input_email'

25-01-2024T21:57:27 - [TEST_STEP][PASSED] - click(findTestObject("Object Repository/Payment_option/Page_Amazon Sign In/inputcontinue")): Object: 'Object Repository/Payment_option/Page_Amazon Sign In/inputcontinue' is clicked on

25-01-2024T21:57:30 - [MESSAGE][PASSED] - Object: 'Object Repository/Payment_option/Page_Amazon Sign In/inputcontinue' is clicked on

25-01-2024T21:57:30 - [TEST_STEP][PASSED] - setEncryptedText(findTestObject("Object Repository/Payment_option/Page_Amazon Sign In/input_password"), "9N/NeoNUwAmOpqY2L/5HEg=="): Text ****** has been set on object 'Object Repository/Payment_option/Page_Amazon Sign In/input_password'

25-01-2024T21:57:31 - [MESSAGE][PASSED] - Text ****** has been set on object 'Object Repository/Payment_option/Page_Amazon Sign In/input_password'

25-01-2024T21:57:31 - [TEST_STEP][PASSED] - click(findTestObject("Object Repository/Payment_option/Page_Amazon Sign In/inputsignInSubmit")): Object: 'Object Repository/Payment_option/Page_Amazon Sign In/inputsignInSubmit' is clicked on

25-01-2024T21:57:31 - [MESSAGE][PASSED] - Object: 'Object Repository/Payment_option/Page_Amazon Sign In/inputsignInSubmit' is clicked on

25-01-2024T21:57:31 - [TEST_STEP][PASSED] - setText(findTestObject("Object Repository/Payment_option/Page_Online Shopping site in India Shop Onl_10c5f3/input_field-keywords"), "mobile"): Text 'mobile' is set on object 'Object Repository/Payment_option/Page_Online Shopping site in India Shop Onl_10c5f3/input_field-keywords'

25-01-2024T21:58:23 - [MESSAGE][PASSED] - Text 'mobile' is set on object 'Object Repository/Payment_option/Page_Online Shopping site in India Shop Onl_10c5f3/input_field-keywords'

25-01-2024T21:58:23 - [TEST_STEP][PASSED] - click(findTestObject("Object Repository/Payment_option/Page_Online Shopping site in India Shop Onl_10c5f3/inputnav-search-submit-button")): Object: 'Object Repository/Payment_option/Page_Online Shopping site in India Shop Onl_10c5f3/inputnav-search-submit-button' is clicked on

25-01-2024T21:58:34 - [MESSAGE][PASSED] - Object: 'Object Repository/Payment_option/Page_Online Shopping site in India Shop Onl_10c5f3/inputnav-search-submit-button' is clicked on

25-01-2024T21:58:34 - [TEST_STEP][PASSED] - click(findTestObject("Object Repository/Payment_option/Page_Amazon.in  mobile/img_s-image")): Object: 'Object Repository/Payment_option/Page_Amazon.in  mobile/img_s-image' is clicked on

25-01-2024T21:58:38 - [MESSAGE][PASSED] - Object: 'Object Repository/Payment_option/Page_Amazon.in  mobile/img_s-image' is clicked on

25-01-2024T21:58:38 - [TEST_STEP][PASSED] - switchToWindowTitle("POCO C51 (Royal Blue, 6GB RAM, 128GB Storage) : Amazon.in: Electronics", OPTIONAL): Switched to window with title: 'POCO C51 (Royal Blue, 6GB RAM, 128GB Storage) : Amazon.in: Electronics'

25-01-2024T21:59:28 - [MESSAGE][PASSED] - Switched to window with title: 'POCO C51 (Royal Blue, 6GB RAM, 128GB Storage) : Amazon.in: Electronics'

25-01-2024T21:59:28 - [TEST_STEP][PASSED] - click(findTestObject("Object Repository/Payment_option/Page_POCO C51 (Royal Blue, 6GB RAM, 128GB S_6ad531/input_submit.add-to-cart"), OPTIONAL): Object: 'Object Repository/Payment_option/Page_POCO C51 (Royal Blue, 6GB RAM, 128GB S_6ad531/input_submit.add-to-cart' is clicked on

25-01-2024T21:59:30 - [MESSAGE][PASSED] - Object: 'Object Repository/Payment_option/Page_POCO C51 (Royal Blue, 6GB RAM, 128GB S_6ad531/input_submit.add-to-cart' is clicked on

25-01-2024T21:59:30 - [TEST_STEP][PASSED] - click(findTestObject("Object Repository/Payment_option/Page_POCO C51 (Royal Blue, 6GB RAM, 128GB S_6ad531/aattach-close_sideSheet-link"), OPTIONAL): Object: 'Object Repository/Payment_option/Page_POCO C51 (Royal Blue, 6GB RAM, 128GB S_6ad531/aattach-close_sideSheet-link' is clicked on

25-01-2024T21:59:38 - [MESSAGE][PASSED] - Object: 'Object Repository/Payment_option/Page_POCO C51 (Royal Blue, 6GB RAM, 128GB S_6ad531/aattach-close_sideSheet-link' is clicked on

25-01-2024T21:59:38 - [TEST_STEP][PASSED] - click(findTestObject("Object Repository/Payment_option/Page_POCO C51 (Royal Blue, 6GB RAM, 128GB S_6ad531/input_submit.buy-now")): Object: 'Object Repository/Payment_option/Page_POCO C51 (Royal Blue, 6GB RAM, 128GB S_6ad531/input_submit.buy-now' is clicked on

25-01-2024T21:59:44 - [MESSAGE][PASSED] - Object: 'Object Repository/Payment_option/Page_POCO C51 (Royal Blue, 6GB RAM, 128GB S_6ad531/input_submit.buy-now' is clicked on

25-01-2024T21:59:44 - [TEST_STEP][PASSED] - click(findTestObject("Object Repository/Payment_option/Page_Select a Payment Method - Amazon.in Checkout/input_ppw-instrumentRowSelection")): Object: 'Object Repository/Payment_option/Page_Select a Payment Method - Amazon.in Checkout/input_ppw-instrumentRowSelection' is clicked on

25-01-2024T22:00:16 - [MESSAGE][INFO] - Unable to find the element located by 'By.xpath: //input[@id='pp-7Pqs4I-128']'. Please recheck the objects properties to make sure the desired element is located. 

25-01-2024T22:00:16 - [MESSAGE][WARNING] - [SELF-HEALING] Failed to find element with id 'Object Repository/Payment_option/Page_Select a Payment Method - Amazon.in Checkout/input_ppw-instrumentRowSelection'. Try using Self-healing.

25-01-2024T22:00:18 - [MESSAGE][WARNING] - [SELF-HEALING] The current locator of test object 'Object Repository/Payment_option/Page_Select a Payment Method - Amazon.in Checkout/input_ppw-instrumentRowSelection' was broken. Propose an alternative one: '//div[5]/div/div/div/div/span/div/label/input'.

25-01-2024T22:00:18 - [MESSAGE][PASSED] - Object: 'Object Repository/Payment_option/Page_Select a Payment Method - Amazon.in Checkout/input_ppw-instrumentRowSelection' is clicked on

25-01-2024T22:00:18 - [TEST_STEP][PASSED] - click(findTestObject("Object Repository/Payment_option/Page_Select a Payment Method - Amazon.in Checkout/input_ppw-instrumentRowSelection_1")): Object: 'Object Repository/Payment_option/Page_Select a Payment Method - Amazon.in Checkout/input_ppw-instrumentRowSelection_1' is clicked on

25-01-2024T22:00:51 - [MESSAGE][INFO] - Unable to find the element located by 'By.xpath: //input[@id='pp-7Pqs4I-123']'. Please recheck the objects properties to make sure the desired element is located. 

25-01-2024T22:00:51 - [MESSAGE][WARNING] - [SELF-HEALING] Failed to find element with id 'Object Repository/Payment_option/Page_Select a Payment Method - Amazon.in Checkout/input_ppw-instrumentRowSelection_1'. Try using Self-healing.

25-01-2024T22:00:53 - [MESSAGE][WARNING] - [SELF-HEALING] The current locator of test object 'Object Repository/Payment_option/Page_Select a Payment Method - Amazon.in Checkout/input_ppw-instrumentRowSelection_1' was broken. Propose an alternative one: '//div/div/label/input'.

25-01-2024T22:00:53 - [MESSAGE][PASSED] - Object: 'Object Repository/Payment_option/Page_Select a Payment Method - Amazon.in Checkout/input_ppw-instrumentRowSelection_1' is clicked on

25-01-2024T22:00:53 - [TEST_STEP][PASSED] - click(findTestObject("Object Repository/Payment_option/Page_Select a Payment Method - Amazon.in Checkout/div_Net Banking")): Object: 'Object Repository/Payment_option/Page_Select a Payment Method - Amazon.in Checkout/div_Net Banking' is clicked on

25-01-2024T22:01:26 - [MESSAGE][INFO] - Unable to find the element located by 'By.xpath: //div[@id='pp-7Pqs4I-102']/div/div/div/div/span/div'. Please recheck the objects properties to make sure the desired element is located. 

25-01-2024T22:01:26 - [MESSAGE][WARNING] - [SELF-HEALING] Failed to find element with id 'Object Repository/Payment_option/Page_Select a Payment Method - Amazon.in Checkout/div_Net Banking'. Try using Self-healing.

25-01-2024T22:01:28 - [MESSAGE][WARNING] - [SELF-HEALING] The current locator of test object 'Object Repository/Payment_option/Page_Select a Payment Method - Amazon.in Checkout/div_Net Banking' was broken. Propose an alternative one: '//div[3]/div/div/div/div/span/div'.

25-01-2024T22:01:28 - [MESSAGE][PASSED] - Object: 'Object Repository/Payment_option/Page_Select a Payment Method - Amazon.in Checkout/div_Net Banking' is clicked on

25-01-2024T22:01:28 - [TEST_STEP][PASSED] - click(findTestObject("Object Repository/Payment_option/Page_Select a Payment Method - Amazon.in Checkout/input_ppw-instrumentRowSelection_1_2")): Object: 'Object Repository/Payment_option/Page_Select a Payment Method - Amazon.in Checkout/input_ppw-instrumentRowSelection_1_2' is clicked on

25-01-2024T22:02:01 - [MESSAGE][INFO] - Unable to find the element located by 'By.xpath: //input[@id='pp-7Pqs4I-97']'. Please recheck the objects properties to make sure the desired element is located. 

25-01-2024T22:02:01 - [MESSAGE][WARNING] - [SELF-HEALING] Failed to find element with id 'Object Repository/Payment_option/Page_Select a Payment Method - Amazon.in Checkout/input_ppw-instrumentRowSelection_1_2'. Try using Self-healing.

25-01-2024T22:02:03 - [MESSAGE][WARNING] - [SELF-HEALING] The current locator of test object 'Object Repository/Payment_option/Page_Select a Payment Method - Amazon.in Checkout/input_ppw-instrumentRowSelection_1_2' was broken. Propose an alternative one: '//label/input'.

25-01-2024T22:02:03 - [MESSAGE][PASSED] - Object: 'Object Repository/Payment_option/Page_Select a Payment Method - Amazon.in Checkout/input_ppw-instrumentRowSelection_1_2' is clicked on

25-01-2024T22:02:03 - [TEST_STEP][PASSED] - closeBrowser(): Browser is closed

25-01-2024T22:02:04 - [MESSAGE][PASSED] - Browser is closed]]></system-out>
         <system-err><![CDATA[]]></system-err>
      </testcase>
      <system-out><![CDATA[25-01-2024T21:57:12 - [TEST_SUITE][PASSED] - Payment_options: Test Cases/TC_Amazon_Home_008]]></system-out>
      <system-err><![CDATA[]]></system-err>
   </testsuite>
</testsuites>
