<?xml version="1.0" encoding="UTF-8"?>
<testsuites name="Searching_test_listener" time="40.221" tests="1" failures="0" errors="0">
   <testsuite name="Searching_test_listener" tests="1" failures="0" errors="0" time="40.221" skipped="0" timestamp="26-01-2024T23:44:12" hostname="Win11 - Arnab-er" id="Test Suites/Searching_test_listener">
      <properties>
         <property name="deviceName" value=""/>
         <property name="devicePlatform" value=""/>
         <property name="logFolder" value="C:\\Users\\Win11\\git\\katalon_amazon_testing\\Reports\\20240126_234409\\Searching_test_listener\\20240126_234409"/>
         <property name="logFiles" value="C:\\Users\\Win11\\git\\katalon_amazon_testing\\Reports\\20240126_234409\\Searching_test_listener\\20240126_234409\\execution0.log"/>
         <property name="attachments" value=""/>
         <property name="hostName" value="Win11 - Arnab-er"/>
         <property name="os" value="Windows 11 64bit"/>
         <property name="katalonVersion" value="9.1.0.212"/>
         <property name="browser" value="Chrome 121.0.0.0"/>
         <property name="hostAddress" value="192.168.30.7"/>
         <property name="sessionId" value="6b4826f7c5fe78794eb39fe71e630686"/>
         <property name="seleniumVersion" value="3.141.59"/>
         <property name="proxyInformation" value="ProxyInformation { proxyOption=NO_PROXY, proxyServerType=HTTP, username=, password=********, proxyServerAddress=, proxyServerPort=0, executionList=&quot;&quot;, isApplyToDesiredCapabilities=true }"/>
         <property name="platform" value="Windows 11"/>
      </properties>
      <testcase name="Test Cases/Searching_By_Test_Listener" time="40.017" classname="Test Cases/Searching_By_Test_Listener" status="PASSED">
         <system-out><![CDATA[26-01-2024T23:44:12 - [TEST_CASE][PASSED] - Test Cases/Searching_By_Test_Listener: Test Cases/Searching_By_Test_Listener

26-01-2024T23:44:12 - [TEST_STEP][PASSED] - Start listener action : sampleBeforeTestCase: Current window maximized

26-01-2024T23:44:12 - [TEST_STEP][PASSED] - openBrowser(""): Browser is opened with url: ''

26-01-2024T23:44:12 - [MESSAGE][INFO] - Starting 'Chrome' driver

26-01-2024T23:44:12 - [MESSAGE][INFO] - Action delay is set to 0 milliseconds

26-01-2024T23:44:13 - [MESSAGE][PASSED] - Browser is opened with url: ''

26-01-2024T23:44:13 - [TEST_STEP][PASSED] - navigateToUrl("https://www.amazon.in/"): Navigate to 'https://www.amazon.in/' successfully

26-01-2024T23:44:16 - [MESSAGE][PASSED] - Navigate to 'https://www.amazon.in/' successfully

26-01-2024T23:44:16 - [TEST_STEP][PASSED] - maximizeWindow(): Current window maximized

26-01-2024T23:44:16 - [MESSAGE][PASSED] - Current window maximized

26-01-2024T23:44:16 - [TEST_STEP][PASSED] - Start listener action : sampleBeforeTestCase: Navigate to 'https://www.amazon.in/' successfully

26-01-2024T23:44:16 - [TEST_STEP][PASSED] - openBrowser(""): Browser is opened with url: ''

26-01-2024T23:44:16 - [MESSAGE][WARNING] - A browser is already opened. Closing browser and opening a new one

26-01-2024T23:44:16 - [MESSAGE][INFO] - Starting 'Chrome' driver

26-01-2024T23:44:16 - [MESSAGE][INFO] - Action delay is set to 0 milliseconds

26-01-2024T23:44:17 - [MESSAGE][PASSED] - Browser is opened with url: ''

26-01-2024T23:44:17 - [TEST_STEP][PASSED] - navigateToUrl("https://www.amazon.in/"): Navigate to 'https://www.amazon.in/' successfully

26-01-2024T23:44:18 - [MESSAGE][PASSED] - Navigate to 'https://www.amazon.in/' successfully

26-01-2024T23:44:18 - [TEST_STEP][PASSED] - click(findTestObject("Object Repository/Searching_By_test_listener/Page_Online Shopping site in India Shop Onl_10c5f3/span_Sign in")): Object: 'Object Repository/Searching_By_test_listener/Page_Online Shopping site in India Shop Onl_10c5f3/span_Sign in' is clicked on

26-01-2024T23:44:20 - [MESSAGE][PASSED] - Object: 'Object Repository/Searching_By_test_listener/Page_Online Shopping site in India Shop Onl_10c5f3/span_Sign in' is clicked on

26-01-2024T23:44:20 - [TEST_STEP][PASSED] - setText(findTestObject("Object Repository/Searching_By_test_listener/Page_Amazon Sign In/input_email"), "9939230697"): Text '9939230697' is set on object 'Object Repository/Searching_By_test_listener/Page_Amazon Sign In/input_email'

26-01-2024T23:44:23 - [MESSAGE][PASSED] - Text '9939230697' is set on object 'Object Repository/Searching_By_test_listener/Page_Amazon Sign In/input_email'

26-01-2024T23:44:23 - [TEST_STEP][PASSED] - click(findTestObject("Object Repository/Searching_By_test_listener/Page_Amazon Sign In/inputcontinue")): Object: 'Object Repository/Searching_By_test_listener/Page_Amazon Sign In/inputcontinue' is clicked on

26-01-2024T23:44:25 - [MESSAGE][PASSED] - Object: 'Object Repository/Searching_By_test_listener/Page_Amazon Sign In/inputcontinue' is clicked on

26-01-2024T23:44:25 - [TEST_STEP][PASSED] - setEncryptedText(findTestObject("Object Repository/Searching_By_test_listener/Page_Amazon Sign In/input_password"), "8s2V7lLGyYQQCSyfcHxfaA=="): Text ****** has been set on object 'Object Repository/Searching_By_test_listener/Page_Amazon Sign In/input_password'

26-01-2024T23:44:26 - [MESSAGE][PASSED] - Text ****** has been set on object 'Object Repository/Searching_By_test_listener/Page_Amazon Sign In/input_password'

26-01-2024T23:44:26 - [TEST_STEP][PASSED] - click(findTestObject("Object Repository/Searching_By_test_listener/Page_Amazon Sign In/inputsignInSubmit")): Object: 'Object Repository/Searching_By_test_listener/Page_Amazon Sign In/inputsignInSubmit' is clicked on

26-01-2024T23:44:26 - [MESSAGE][PASSED] - Object: 'Object Repository/Searching_By_test_listener/Page_Amazon Sign In/inputsignInSubmit' is clicked on

26-01-2024T23:44:26 - [TEST_STEP][PASSED] - setText(findTestObject("Object Repository/Searching_By_test_listener/Page_Online Shopping site in India Shop Onl_10c5f3/input_field-keywords"), "mobile"): Text 'mobile' is set on object 'Object Repository/Searching_By_test_listener/Page_Online Shopping site in India Shop Onl_10c5f3/input_field-keywords'

26-01-2024T23:44:36 - [MESSAGE][PASSED] - Text 'mobile' is set on object 'Object Repository/Searching_By_test_listener/Page_Online Shopping site in India Shop Onl_10c5f3/input_field-keywords'

26-01-2024T23:44:36 - [TEST_STEP][PASSED] - click(findTestObject("Object Repository/Searching_By_test_listener/Page_Online Shopping site in India Shop Onl_10c5f3/inputnav-search-submit-button")): Object: 'Object Repository/Searching_By_test_listener/Page_Online Shopping site in India Shop Onl_10c5f3/inputnav-search-submit-button' is clicked on

26-01-2024T23:44:48 - [MESSAGE][PASSED] - Object: 'Object Repository/Searching_By_test_listener/Page_Online Shopping site in India Shop Onl_10c5f3/inputnav-search-submit-button' is clicked on

26-01-2024T23:44:48 - [TEST_STEP][PASSED] - click(findTestObject("Object Repository/Searching_By_test_listener/Page_Amazon.in  mobile/img_s-image")): Object: 'Object Repository/Searching_By_test_listener/Page_Amazon.in  mobile/img_s-image' is clicked on

26-01-2024T23:44:52 - [MESSAGE][PASSED] - Object: 'Object Repository/Searching_By_test_listener/Page_Amazon.in  mobile/img_s-image' is clicked on

26-01-2024T23:44:52 - [TEST_STEP][PASSED] - Start listener action : sampleAfterTestCase: Browser is closed

26-01-2024T23:44:52 - [TEST_STEP][PASSED] - closeBrowser(): Browser is closed

26-01-2024T23:44:52 - [MESSAGE][PASSED] - Browser is closed

26-01-2024T23:44:52 - [TEST_STEP][PASSED] - Start listener action : sampleAfterTestCase: Browser is closed

26-01-2024T23:44:52 - [TEST_STEP][PASSED] - closeBrowser(): Browser is closed

26-01-2024T23:44:52 - [MESSAGE][PASSED] - Browser is closed]]></system-out>
         <system-err><![CDATA[]]></system-err>
      </testcase>
      <system-out><![CDATA[26-01-2024T23:44:12 - [TEST_SUITE][PASSED] - Searching_test_listener: Test Cases/Searching_By_Test_Listener]]></system-out>
      <system-err><![CDATA[]]></system-err>
   </testsuite>
</testsuites>
