<?xml version="1.0" encoding="UTF-8"?>
<testsuites name="Order_confirm" time="227.537" tests="1" failures="0" errors="0">
   <testsuite name="Order_confirm" tests="1" failures="0" errors="0" time="227.537" skipped="0" timestamp="25-01-2024T21:47:31" hostname="Win11 - Arnab-er" id="Test Suites/Order_confirm">
      <properties>
         <property name="deviceName" value=""/>
         <property name="devicePlatform" value=""/>
         <property name="logFolder" value="C:\\Users\\Win11\\git\\katalon_amazon_testing\\Reports\\20240125_214727\\Order_confirm\\20240125_214727"/>
         <property name="logFiles" value="C:\\Users\\Win11\\git\\katalon_amazon_testing\\Reports\\20240125_214727\\Order_confirm\\20240125_214727\\execution0.log"/>
         <property name="attachments" value=""/>
         <property name="hostName" value="Win11 - Arnab-er"/>
         <property name="os" value="Windows 11 64bit"/>
         <property name="katalonVersion" value="9.1.0.212"/>
         <property name="browser" value="Chrome 120.0.0.0"/>
         <property name="hostAddress" value="192.168.250.7"/>
         <property name="sessionId" value="137cfdc93518d46ae43ee0e2c2149b58"/>
         <property name="seleniumVersion" value="3.141.59"/>
         <property name="proxyInformation" value="ProxyInformation { proxyOption=NO_PROXY, proxyServerType=HTTP, username=, password=********, proxyServerAddress=, proxyServerPort=0, executionList=&quot;&quot;, isApplyToDesiredCapabilities=true }"/>
         <property name="platform" value="Windows 11"/>
      </properties>
      <testcase name="Test Cases/TC_Amazon_Home_007" time="227.372" classname="Test Cases/TC_Amazon_Home_007" status="PASSED">
         <system-out><![CDATA[25-01-2024T21:47:31 - [TEST_CASE][PASSED] - Test Cases/TC_Amazon_Home_007: Test Cases/TC_Amazon_Home_007

25-01-2024T21:47:31 - [TEST_STEP][PASSED] - openBrowser(""): Browser is opened with url: ''

25-01-2024T21:47:31 - [MESSAGE][INFO] - Starting 'Chrome' driver

25-01-2024T21:47:31 - [MESSAGE][INFO] - Action delay is set to 0 milliseconds

25-01-2024T21:47:33 - [MESSAGE][PASSED] - Browser is opened with url: ''

25-01-2024T21:47:33 - [TEST_STEP][PASSED] - navigateToUrl("https://www.amazon.in/"): Navigate to 'https://www.amazon.in/' successfully

25-01-2024T21:48:56 - [MESSAGE][PASSED] - Navigate to 'https://www.amazon.in/' successfully

25-01-2024T21:48:56 - [TEST_STEP][PASSED] - click(findTestObject("Object Repository/order_confirm/Page_Online Shopping site in India Shop Onl_10c5f3/span_Sign in")): Object: 'Object Repository/order_confirm/Page_Online Shopping site in India Shop Onl_10c5f3/span_Sign in' is clicked on

25-01-2024T21:49:01 - [MESSAGE][PASSED] - Object: 'Object Repository/order_confirm/Page_Online Shopping site in India Shop Onl_10c5f3/span_Sign in' is clicked on

25-01-2024T21:49:01 - [TEST_STEP][PASSED] - setText(findTestObject("Object Repository/order_confirm/Page_Amazon Sign In/input_email"), "9798810632"): Text '9798810632' is set on object 'Object Repository/order_confirm/Page_Amazon Sign In/input_email'

25-01-2024T21:49:03 - [MESSAGE][PASSED] - Text '9798810632' is set on object 'Object Repository/order_confirm/Page_Amazon Sign In/input_email'

25-01-2024T21:49:03 - [TEST_STEP][PASSED] - click(findTestObject("Object Repository/order_confirm/Page_Amazon Sign In/inputcontinue")): Object: 'Object Repository/order_confirm/Page_Amazon Sign In/inputcontinue' is clicked on

25-01-2024T21:49:05 - [MESSAGE][PASSED] - Object: 'Object Repository/order_confirm/Page_Amazon Sign In/inputcontinue' is clicked on

25-01-2024T21:49:05 - [TEST_STEP][PASSED] - setEncryptedText(findTestObject("Object Repository/order_confirm/Page_Amazon Sign In/input_password"), "iXLP3gWrZeMwNiQIWCdafQ=="): Text ****** has been set on object 'Object Repository/order_confirm/Page_Amazon Sign In/input_password'

25-01-2024T21:49:06 - [MESSAGE][PASSED] - Text ****** has been set on object 'Object Repository/order_confirm/Page_Amazon Sign In/input_password'

25-01-2024T21:49:06 - [TEST_STEP][PASSED] - click(findTestObject("Object Repository/order_confirm/Page_Amazon Sign In/inputsignInSubmit")): Object: 'Object Repository/order_confirm/Page_Amazon Sign In/inputsignInSubmit' is clicked on

25-01-2024T21:49:06 - [MESSAGE][PASSED] - Object: 'Object Repository/order_confirm/Page_Amazon Sign In/inputsignInSubmit' is clicked on

25-01-2024T21:49:06 - [TEST_STEP][PASSED] - setEncryptedText(findTestObject("Object Repository/order_confirm/Page_Amazon Sign In/input_password"), "9N/NeoNUwAmOpqY2L/5HEg=="): Text ****** has been set on object 'Object Repository/order_confirm/Page_Amazon Sign In/input_password'

25-01-2024T21:49:09 - [MESSAGE][PASSED] - Text ****** has been set on object 'Object Repository/order_confirm/Page_Amazon Sign In/input_password'

25-01-2024T21:49:09 - [TEST_STEP][PASSED] - click(findTestObject("Object Repository/order_confirm/Page_Amazon Sign In/inputsignInSubmit")): Object: 'Object Repository/order_confirm/Page_Amazon Sign In/inputsignInSubmit' is clicked on

25-01-2024T21:49:09 - [MESSAGE][PASSED] - Object: 'Object Repository/order_confirm/Page_Amazon Sign In/inputsignInSubmit' is clicked on

25-01-2024T21:49:09 - [TEST_STEP][PASSED] - setText(findTestObject("Object Repository/order_confirm/Page_Online Shopping site in India Shop Onl_10c5f3/input_field-keywords"), "watches"): Text 'watches' is set on object 'Object Repository/order_confirm/Page_Online Shopping site in India Shop Onl_10c5f3/input_field-keywords'

25-01-2024T21:50:17 - [MESSAGE][PASSED] - Text 'watches' is set on object 'Object Repository/order_confirm/Page_Online Shopping site in India Shop Onl_10c5f3/input_field-keywords'

25-01-2024T21:50:17 - [TEST_STEP][PASSED] - click(findTestObject("Object Repository/order_confirm/Page_Online Shopping site in India Shop Onl_10c5f3/inputnav-search-submit-button")): Object: 'Object Repository/order_confirm/Page_Online Shopping site in India Shop Onl_10c5f3/inputnav-search-submit-button' is clicked on

25-01-2024T21:50:30 - [MESSAGE][PASSED] - Object: 'Object Repository/order_confirm/Page_Online Shopping site in India Shop Onl_10c5f3/inputnav-search-submit-button' is clicked on

25-01-2024T21:50:30 - [TEST_STEP][PASSED] - switchToWindowTitle("Amazon.in : watches"): Switched to window with title: 'Amazon.in : watches'

25-01-2024T21:50:30 - [MESSAGE][PASSED] - Switched to window with title: 'Amazon.in : watches'

25-01-2024T21:50:30 - [TEST_STEP][PASSED] - click(findTestObject("Object Repository/order_confirm/Page_Amazon.in  watches/img_s-image")): Object: 'Object Repository/order_confirm/Page_Amazon.in  watches/img_s-image' is clicked on

25-01-2024T21:51:01 - [MESSAGE][INFO] - Unable to find the element located by 'By.xpath: //div[@id='search']/div/div/div/span/div/div[3]/div/div/div/div/span/div/div/div[2]/div/span/a/div/img'. Please recheck the objects properties to make sure the desired element is located. 

25-01-2024T21:51:01 - [MESSAGE][WARNING] - [SELF-HEALING] Failed to find element with id 'Object Repository/order_confirm/Page_Amazon.in  watches/img_s-image'. Try using Self-healing.

25-01-2024T21:51:03 - [MESSAGE][INFO] - Unable to find the element located by 'By.xpath: //img[@alt='Sponsored Ad - NIBOSI Watch for Men Fashion Business Men Watches Ultra-Thin Waterproof Chronograph Quartz Watches with Sta...']'. Please recheck the objects properties to make sure the desired element is located. 

25-01-2024T21:51:03 - [MESSAGE][INFO] - [SELF-HEALING] Failed Locator: '//div[@id='search']/div/div/div/span/div/div[3]/div/div/div/div/span/div/div/div[2]/div/span/a/div/img'.

25-01-2024T21:51:03 - [MESSAGE][INFO] - [SELF-HEALING] Failed Locator: '//img[@alt='Sponsored Ad - NIBOSI Watch for Men Fashion Business Men Watches Ultra-Thin Waterproof Chronograph Quartz Watches with Sta...']'.

25-01-2024T21:51:03 - [MESSAGE][INFO] - [SELF-HEALING] Working Locator: '//span/a/div/img'.

25-01-2024T21:51:04 - [MESSAGE][INFO] - [SELF-HEALING] Screenshot: C:/Users/Win11/git/katalon_amazon_testing/Reports/Self-healing/Object Repository/order_confirm/Page_Amazon.in  watches/img_s-image_position.png

25-01-2024T21:51:04 - [MESSAGE][WARNING] - [SELF-HEALING] The current locator of test object 'Object Repository/order_confirm/Page_Amazon.in  watches/img_s-image' was broken. Propose an alternative one: '//span/a/div/img'.

25-01-2024T21:51:04 - [MESSAGE][PASSED] - Object: 'Object Repository/order_confirm/Page_Amazon.in  watches/img_s-image' is clicked on

25-01-2024T21:51:04 - [TEST_STEP][PASSED] - click(findTestObject("Object Repository/order_confirm/Page_Select a Payment Method - Amazon.in Checkout/input_a-button-input")): Object: 'Object Repository/order_confirm/Page_Select a Payment Method - Amazon.in Checkout/input_a-button-input' is clicked on

25-01-2024T21:51:18 - [MESSAGE][PASSED] - Object: 'Object Repository/order_confirm/Page_Select a Payment Method - Amazon.in Checkout/input_a-button-input' is clicked on

25-01-2024T21:51:18 - [TEST_STEP][PASSED] - closeBrowser(): Browser is closed

25-01-2024T21:51:18 - [MESSAGE][PASSED] - Browser is closed]]></system-out>
         <system-err><![CDATA[]]></system-err>
      </testcase>
      <system-out><![CDATA[25-01-2024T21:47:31 - [TEST_SUITE][PASSED] - Order_confirm: Test Cases/TC_Amazon_Home_007]]></system-out>
      <system-err><![CDATA[]]></system-err>
   </testsuite>
</testsuites>
