<?xml version="1.0" encoding="UTF-8"?>
<testsuites name="Menu_Test" time="92.443" tests="2" failures="0" errors="0">
   <testsuite name="Menu_Test" tests="2" failures="0" errors="0" time="92.443" skipped="0" timestamp="25-01-2024T00:51:24" hostname="Win11 - Arnab-er" id="Test Suites/Menu_Test">
      <properties>
         <property name="deviceName" value=""/>
         <property name="devicePlatform" value=""/>
         <property name="logFolder" value="C:\\Users\\Win11\\git\\katalon_amazon_testing\\Reports\\20240125_005114\\Menu_Test\\20240125_005114"/>
         <property name="logFiles" value="C:\\Users\\Win11\\git\\katalon_amazon_testing\\Reports\\20240125_005114\\Menu_Test\\20240125_005114\\execution0.log"/>
         <property name="attachments" value=""/>
         <property name="hostName" value="Win11 - Arnab-er"/>
         <property name="os" value="Windows 11 64bit"/>
         <property name="katalonVersion" value="9.1.0.212"/>
         <property name="browser" value="Chrome 120.0.0.0"/>
         <property name="hostAddress" value="192.168.59.7"/>
         <property name="sessionId" value="52ab01c10cbfb6218e2484929f468f90"/>
         <property name="seleniumVersion" value="3.141.59"/>
         <property name="proxyInformation" value="ProxyInformation { proxyOption=NO_PROXY, proxyServerType=HTTP, username=, password=********, proxyServerAddress=, proxyServerPort=0, executionList=&quot;&quot;, isApplyToDesiredCapabilities=true }"/>
         <property name="platform" value="Windows 11"/>
      </properties>
      <testcase name="Test Cases/TC_Amazon_Home_003.1" time="21.379" classname="Test Cases/TC_Amazon_Home_003.1" status="PASSED">
         <system-out><![CDATA[25-01-2024T00:51:25 - [TEST_CASE][PASSED] - Test Cases/TC_Amazon_Home_003.1: Test Cases/TC_Amazon_Home_003.1

25-01-2024T00:51:25 - [TEST_STEP][PASSED] - openBrowser(""): Browser is opened with url: ''

25-01-2024T00:51:25 - [MESSAGE][INFO] - Starting 'Chrome' driver

25-01-2024T00:51:25 - [MESSAGE][INFO] - Action delay is set to 0 milliseconds

25-01-2024T00:51:27 - [MESSAGE][PASSED] - Browser is opened with url: ''

25-01-2024T00:51:27 - [TEST_STEP][PASSED] - navigateToUrl("https://www.amazon.in/"): Navigate to 'https://www.amazon.in/' successfully

25-01-2024T00:51:29 - [MESSAGE][PASSED] - Navigate to 'https://www.amazon.in/' successfully

25-01-2024T00:51:29 - [TEST_STEP][PASSED] - click(findTestObject("Object Repository/Menu_test/Page_Online Shopping site in India Shop Onl_10c5f3/span_Sign in")): Object: 'Object Repository/Menu_test/Page_Online Shopping site in India Shop Onl_10c5f3/span_Sign in' is clicked on

25-01-2024T00:51:31 - [MESSAGE][PASSED] - Object: 'Object Repository/Menu_test/Page_Online Shopping site in India Shop Onl_10c5f3/span_Sign in' is clicked on

25-01-2024T00:51:31 - [TEST_STEP][PASSED] - setText(findTestObject("Object Repository/Login_Test/Page_Amazon Sign In (1)/input_email"), "9798810632"): Text '9798810632' is set on object 'Object Repository/Login_Test/Page_Amazon Sign In (1)/input_email'

25-01-2024T00:51:32 - [MESSAGE][PASSED] - Text '9798810632' is set on object 'Object Repository/Login_Test/Page_Amazon Sign In (1)/input_email'

25-01-2024T00:51:32 - [TEST_STEP][PASSED] - click(findTestObject("Object Repository/Login_Test/Page_Amazon Sign In (1)/inputcontinue")): Object: 'Object Repository/Login_Test/Page_Amazon Sign In (1)/inputcontinue' is clicked on

25-01-2024T00:51:34 - [MESSAGE][PASSED] - Object: 'Object Repository/Login_Test/Page_Amazon Sign In (1)/inputcontinue' is clicked on

25-01-2024T00:51:34 - [TEST_STEP][PASSED] - setEncryptedText(findTestObject("Object Repository/Login_Test/Page_Amazon Sign In (1)/input_password"), "9N/NeoNUwAmOpqY2L/5HEg=="): Text ****** has been set on object 'Object Repository/Login_Test/Page_Amazon Sign In (1)/input_password'

25-01-2024T00:51:35 - [MESSAGE][PASSED] - Text ****** has been set on object 'Object Repository/Login_Test/Page_Amazon Sign In (1)/input_password'

25-01-2024T00:51:35 - [TEST_STEP][PASSED] - click(findTestObject("Object Repository/Login_Test/Page_Amazon Sign In (1)/inputsignInSubmit")): Object: 'Object Repository/Login_Test/Page_Amazon Sign In (1)/inputsignInSubmit' is clicked on

25-01-2024T00:51:39 - [MESSAGE][PASSED] - Object: 'Object Repository/Login_Test/Page_Amazon Sign In (1)/inputsignInSubmit' is clicked on

25-01-2024T00:51:39 - [TEST_STEP][PASSED] - click(findTestObject("Object Repository/Menu_test/Page_Online Shopping site in India Shop Onl_10c5f3/a_Amazon miniTV")): Object: 'Object Repository/Menu_test/Page_Online Shopping site in India Shop Onl_10c5f3/a_Amazon miniTV' is clicked on

25-01-2024T00:51:43 - [MESSAGE][PASSED] - Object: 'Object Repository/Menu_test/Page_Online Shopping site in India Shop Onl_10c5f3/a_Amazon miniTV' is clicked on

25-01-2024T00:51:43 - [TEST_STEP][PASSED] - click(findTestObject("Object Repository/Menu_test/amazon_test_2/img")): Object: 'Object Repository/Menu_test/amazon_test_2/img' is clicked on

25-01-2024T00:51:46 - [MESSAGE][PASSED] - Object: 'Object Repository/Menu_test/amazon_test_2/img' is clicked on

25-01-2024T00:51:46 - [TEST_STEP][PASSED] - closeBrowser(): Browser is closed

25-01-2024T00:51:46 - [MESSAGE][PASSED] - Browser is closed]]></system-out>
         <system-err><![CDATA[]]></system-err>
      </testcase>
      <testcase name="Test Cases/TC_Amazon_Home_003.2" time="70.88" classname="Test Cases/TC_Amazon_Home_003.2" status="PASSED">
         <system-out><![CDATA[25-01-2024T00:51:46 - [TEST_CASE][PASSED] - Test Cases/TC_Amazon_Home_003.2: Test Cases/TC_Amazon_Home_003.2

25-01-2024T00:51:46 - [TEST_STEP][PASSED] - openBrowser(""): Browser is opened with url: ''

25-01-2024T00:51:46 - [MESSAGE][INFO] - Starting 'Chrome' driver

25-01-2024T00:51:46 - [MESSAGE][INFO] - Action delay is set to 0 milliseconds

25-01-2024T00:51:47 - [MESSAGE][PASSED] - Browser is opened with url: ''

25-01-2024T00:51:47 - [TEST_STEP][PASSED] - navigateToUrl("https://www.amazon.in/"): Navigate to 'https://www.amazon.in/' successfully

25-01-2024T00:51:49 - [MESSAGE][PASSED] - Navigate to 'https://www.amazon.in/' successfully

25-01-2024T00:51:49 - [TEST_STEP][PASSED] - click(findTestObject("Object Repository/Menu_test/Menu_test1/Page_Online Shopping site in India Shop Onl_10c5f3/span_Sign in")): Object: 'Object Repository/Menu_test/Menu_test1/Page_Online Shopping site in India Shop Onl_10c5f3/span_Sign in' is clicked on

25-01-2024T00:51:50 - [MESSAGE][PASSED] - Object: 'Object Repository/Menu_test/Menu_test1/Page_Online Shopping site in India Shop Onl_10c5f3/span_Sign in' is clicked on

25-01-2024T00:51:50 - [TEST_STEP][PASSED] - setText(findTestObject("Object Repository/Menu_test/Menu_test1/Page_Amazon Sign In/input_email"), "9798810632"): Text '9798810632' is set on object 'Object Repository/Menu_test/Menu_test1/Page_Amazon Sign In/input_email'

25-01-2024T00:51:52 - [MESSAGE][PASSED] - Text '9798810632' is set on object 'Object Repository/Menu_test/Menu_test1/Page_Amazon Sign In/input_email'

25-01-2024T00:51:52 - [TEST_STEP][PASSED] - click(findTestObject("Object Repository/Menu_test/Menu_test1/Page_Amazon Sign In/inputcontinue")): Object: 'Object Repository/Menu_test/Menu_test1/Page_Amazon Sign In/inputcontinue' is clicked on

25-01-2024T00:51:53 - [MESSAGE][PASSED] - Object: 'Object Repository/Menu_test/Menu_test1/Page_Amazon Sign In/inputcontinue' is clicked on

25-01-2024T00:51:53 - [TEST_STEP][PASSED] - setEncryptedText(findTestObject("Object Repository/Menu_test/Menu_test1/Page_Amazon Sign In/input_password"), "9N/NeoNUwAmOpqY2L/5HEg=="): Text ****** has been set on object 'Object Repository/Menu_test/Menu_test1/Page_Amazon Sign In/input_password'

25-01-2024T00:51:54 - [MESSAGE][PASSED] - Text ****** has been set on object 'Object Repository/Menu_test/Menu_test1/Page_Amazon Sign In/input_password'

25-01-2024T00:51:54 - [TEST_STEP][PASSED] - click(findTestObject("Object Repository/Menu_test/Menu_test1/Page_Amazon Sign In/inputsignInSubmit")): Object: 'Object Repository/Menu_test/Menu_test1/Page_Amazon Sign In/inputsignInSubmit' is clicked on

25-01-2024T00:51:54 - [MESSAGE][PASSED] - Object: 'Object Repository/Menu_test/Menu_test1/Page_Amazon Sign In/inputsignInSubmit' is clicked on

25-01-2024T00:51:54 - [TEST_STEP][PASSED] - click(findTestObject("Object Repository/Menu_test/Menu_test1/Page_Online Shopping site in India Shop Onl_10c5f3/a_Fresh")): Object: 'Object Repository/Menu_test/Menu_test1/Page_Online Shopping site in India Shop Onl_10c5f3/a_Fresh' is clicked on

25-01-2024T00:52:01 - [MESSAGE][PASSED] - Object: 'Object Repository/Menu_test/Menu_test1/Page_Online Shopping site in India Shop Onl_10c5f3/a_Fresh' is clicked on

25-01-2024T00:52:01 - [TEST_STEP][PASSED] - click(findTestObject("Object Repository/Menu_test/Menu_test1/Page_Amazon.in Amazon Fresh/a_Sell")): Object: 'Object Repository/Menu_test/Menu_test1/Page_Amazon.in Amazon Fresh/a_Sell' is clicked on

25-01-2024T00:52:05 - [MESSAGE][PASSED] - Object: 'Object Repository/Menu_test/Menu_test1/Page_Amazon.in Amazon Fresh/a_Sell' is clicked on

25-01-2024T00:52:05 - [TEST_STEP][PASSED] - click(findTestObject("Object Repository/Menu_test/Menu_test1/Page_Amazon.in CrossShop1/a_Start Selling")): Object: 'Object Repository/Menu_test/Menu_test1/Page_Amazon.in CrossShop1/a_Start Selling' is clicked on

25-01-2024T00:52:14 - [MESSAGE][PASSED] - Object: 'Object Repository/Menu_test/Menu_test1/Page_Amazon.in CrossShop1/a_Start Selling' is clicked on

25-01-2024T00:52:14 - [TEST_STEP][PASSED] - click(findTestObject("Object Repository/Menu_test/Menu_test1/Page_Amazon.in CrossShop1/a_Amazon Pay")): Object: 'Object Repository/Menu_test/Menu_test1/Page_Amazon.in CrossShop1/a_Amazon Pay' is clicked on

25-01-2024T00:52:21 - [MESSAGE][PASSED] - Object: 'Object Repository/Menu_test/Menu_test1/Page_Amazon.in CrossShop1/a_Amazon Pay' is clicked on

25-01-2024T00:52:21 - [TEST_STEP][PASSED] - click(findTestObject("Object Repository/Menu_test/Menu_test1/Page_Amazon Pay/img")): Object: 'Object Repository/Menu_test/Menu_test1/Page_Amazon Pay/img' is clicked on

25-01-2024T00:52:22 - [MESSAGE][PASSED] - Object: 'Object Repository/Menu_test/Menu_test1/Page_Amazon Pay/img' is clicked on

25-01-2024T00:52:22 - [TEST_STEP][PASSED] - click(findTestObject("Object Repository/Menu_test/Menu_test1/Page_Amazon Pay/a_Fashion")): Object: 'Object Repository/Menu_test/Menu_test1/Page_Amazon Pay/a_Fashion' is clicked on

25-01-2024T00:52:51 - [MESSAGE][PASSED] - Object: 'Object Repository/Menu_test/Menu_test1/Page_Amazon Pay/a_Fashion' is clicked on

25-01-2024T00:52:51 - [TEST_STEP][PASSED] - click(findTestObject("Object Repository/Menu_test/Menu_test1/Page_Amazon Fashion Clothing, Footwear and _e99275/img_nav-categ-image")): Object: 'Object Repository/Menu_test/Menu_test1/Page_Amazon Fashion Clothing, Footwear and _e99275/img_nav-categ-image' is clicked on

25-01-2024T00:52:54 - [MESSAGE][PASSED] - Object: 'Object Repository/Menu_test/Menu_test1/Page_Amazon Fashion Clothing, Footwear and _e99275/img_nav-categ-image' is clicked on

25-01-2024T00:52:54 - [TEST_STEP][PASSED] - click(findTestObject("Object Repository/Menu_test/Menu_test1/Page_Buy Again/i_hm-icon nav-sprite")): Object: 'Object Repository/Menu_test/Menu_test1/Page_Buy Again/i_hm-icon nav-sprite' is clicked on

25-01-2024T00:52:56 - [MESSAGE][PASSED] - Object: 'Object Repository/Menu_test/Menu_test1/Page_Buy Again/i_hm-icon nav-sprite' is clicked on

25-01-2024T00:52:56 - [TEST_STEP][PASSED] - click(findTestObject("Object Repository/Menu_test/Menu_test1/Page_Buy Again/div_trending")): Object: 'Object Repository/Menu_test/Menu_test1/Page_Buy Again/div_trending' is clicked on

25-01-2024T00:52:57 - [MESSAGE][PASSED] - Object: 'Object Repository/Menu_test/Menu_test1/Page_Buy Again/div_trending' is clicked on

25-01-2024T00:52:57 - [TEST_STEP][PASSED] - closeBrowser(): Browser is closed

25-01-2024T00:52:57 - [MESSAGE][PASSED] - Browser is closed]]></system-out>
         <system-err><![CDATA[]]></system-err>
      </testcase>
      <system-out><![CDATA[25-01-2024T00:51:24 - [TEST_SUITE][PASSED] - Menu_Test: Test Cases/TC_Amazon_Home_003.2]]></system-out>
      <system-err><![CDATA[]]></system-err>
   </testsuite>
</testsuites>
