<?xml version="1.0" encoding="UTF-8"?>
<testsuites name="Login_Test_Listener" time="14.344" tests="1" failures="0" errors="0">
   <testsuite name="Login_Test_Listener" tests="1" failures="0" errors="0" time="14.344" skipped="0" timestamp="26-01-2024T23:32:49" hostname="Win11 - Arnab-er" id="Test Suites/Login_Test_Listener">
      <properties>
         <property name="deviceName" value=""/>
         <property name="devicePlatform" value=""/>
         <property name="logFolder" value="C:\\Users\\Win11\\git\\katalon_amazon_testing\\Reports\\20240126_233246\\Login_Test_Listener\\20240126_233246"/>
         <property name="logFiles" value="C:\\Users\\Win11\\git\\katalon_amazon_testing\\Reports\\20240126_233246\\Login_Test_Listener\\20240126_233246\\execution0.log"/>
         <property name="attachments" value=""/>
         <property name="hostName" value="Win11 - Arnab-er"/>
         <property name="os" value="Windows 11 64bit"/>
         <property name="katalonVersion" value="9.1.0.212"/>
         <property name="browser" value="Chrome 121.0.0.0"/>
         <property name="hostAddress" value="192.168.30.7"/>
         <property name="sessionId" value="e42e81aa386f5d8d93bb27bcf5cc07b6"/>
         <property name="seleniumVersion" value="3.141.59"/>
         <property name="proxyInformation" value="ProxyInformation { proxyOption=NO_PROXY, proxyServerType=HTTP, username=, password=********, proxyServerAddress=, proxyServerPort=0, executionList=&quot;&quot;, isApplyToDesiredCapabilities=true }"/>
         <property name="platform" value="Windows 11"/>
      </properties>
      <testcase name="Test Cases/Login_By_Test_listener" time="10.495" classname="Test Cases/Login_By_Test_listener" status="PASSED">
         <system-out><![CDATA[26-01-2024T23:32:52 - [TEST_CASE][PASSED] - Test Cases/Login_By_Test_listener: Test Cases/Login_By_Test_listener

26-01-2024T23:32:53 - [TEST_STEP][PASSED] - Start listener action : sampleBeforeTestCase: Current window maximized

26-01-2024T23:32:53 - [TEST_STEP][PASSED] - openBrowser(""): Browser is opened with url: ''

26-01-2024T23:32:53 - [MESSAGE][WARNING] - A browser is already opened. Closing browser and opening a new one

26-01-2024T23:32:53 - [MESSAGE][INFO] - Starting 'Chrome' driver

26-01-2024T23:32:53 - [MESSAGE][INFO] - Action delay is set to 0 milliseconds

26-01-2024T23:32:54 - [MESSAGE][PASSED] - Browser is opened with url: ''

26-01-2024T23:32:54 - [TEST_STEP][PASSED] - navigateToUrl("https://www.amazon.in/"): Navigate to 'https://www.amazon.in/' successfully

26-01-2024T23:32:55 - [MESSAGE][PASSED] - Navigate to 'https://www.amazon.in/' successfully

26-01-2024T23:32:55 - [TEST_STEP][PASSED] - maximizeWindow(): Current window maximized

26-01-2024T23:32:55 - [MESSAGE][PASSED] - Current window maximized

26-01-2024T23:32:56 - [TEST_STEP][PASSED] - click(findTestObject("Object Repository/Login_Test/Page_Online Shopping site in India Shop Onl_10c5f3/span_Sign in")): Object: 'Object Repository/Login_Test/Page_Online Shopping site in India Shop Onl_10c5f3/span_Sign in' is clicked on

26-01-2024T23:32:57 - [MESSAGE][PASSED] - Object: 'Object Repository/Login_Test/Page_Online Shopping site in India Shop Onl_10c5f3/span_Sign in' is clicked on

26-01-2024T23:32:57 - [TEST_STEP][PASSED] - setText(findTestObject("Object Repository/Login_Test/Page_Amazon Sign In/input_email"), "arnabbaruajsr@gmail.com"): Text 'arnabbaruajsr@gmail.com' is set on object 'Object Repository/Login_Test/Page_Amazon Sign In/input_email'

26-01-2024T23:33:00 - [MESSAGE][PASSED] - Text 'arnabbaruajsr@gmail.com' is set on object 'Object Repository/Login_Test/Page_Amazon Sign In/input_email'

26-01-2024T23:33:00 - [TEST_STEP][PASSED] - click(findTestObject("Object Repository/Login_Test/Page_Amazon Sign In/inputcontinue")): Object: 'Object Repository/Login_Test/Page_Amazon Sign In/inputcontinue' is clicked on

26-01-2024T23:33:01 - [MESSAGE][PASSED] - Object: 'Object Repository/Login_Test/Page_Amazon Sign In/inputcontinue' is clicked on

26-01-2024T23:33:01 - [TEST_STEP][PASSED] - setEncryptedText(findTestObject("Object Repository/Login_Test/Page_Amazon Sign In/input_password"), "9N/NeoNUwAmOpqY2L/5HEg=="): Text ****** has been set on object 'Object Repository/Login_Test/Page_Amazon Sign In/input_password'

26-01-2024T23:33:02 - [MESSAGE][PASSED] - Text ****** has been set on object 'Object Repository/Login_Test/Page_Amazon Sign In/input_password'

26-01-2024T23:33:02 - [TEST_STEP][PASSED] - click(findTestObject("Object Repository/Login_Test/Page_Amazon Sign In/inputsignInSubmit")): Object: 'Object Repository/Login_Test/Page_Amazon Sign In/inputsignInSubmit' is clicked on

26-01-2024T23:33:03 - [MESSAGE][PASSED] - Object: 'Object Repository/Login_Test/Page_Amazon Sign In/inputsignInSubmit' is clicked on

26-01-2024T23:33:03 - [TEST_STEP][PASSED] - Start listener action : sampleAfterTestCase: Browser is closed

26-01-2024T23:33:03 - [TEST_STEP][PASSED] - closeBrowser(): Browser is closed

26-01-2024T23:33:03 - [MESSAGE][PASSED] - Browser is closed]]></system-out>
         <system-err><![CDATA[]]></system-err>
      </testcase>
      <system-out><![CDATA[26-01-2024T23:32:49 - [TEST_SUITE][PASSED] - Login_Test_Listener: Test Cases/Login_By_Test_listener]]></system-out>
      <system-err><![CDATA[]]></system-err>
   </testsuite>
</testsuites>
